C:\Users\USER\Desktop\img_process(4)\img_process(4)\Release\cl.command.1.tlog
C:\Users\USER\Desktop\img_process(4)\img_process(4)\Release\CL.read.1.tlog
C:\Users\USER\Desktop\img_process(4)\img_process(4)\Release\CL.write.1.tlog
C:\USERS\USER\DESKTOP\IMG_PROCESS(4)\IMG_PROCESS(4)\RELEASE\CVVIMAGE.OBJ
C:\USERS\USER\DESKTOP\IMG_PROCESS(4)\IMG_PROCESS(4)\RELEASE\DIBFILTER.OBJ
C:\USERS\USER\DESKTOP\IMG_PROCESS(4)\IMG_PROCESS(4)\RELEASE\HISTOGRAM.OBJ
C:\USERS\USER\DESKTOP\IMG_PROCESS(4)\IMG_PROCESS(4)\RELEASE\IMG_PROCESS(4).OBJ
C:\USERS\USER\DESKTOP\IMG_PROCESS(4)\IMG_PROCESS(4)\RELEASE\IMG_PROCESS(4).PCH
C:\USERS\USER\DESKTOP\IMG_PROCESS(4)\IMG_PROCESS(4)\RELEASE\IMG_PROCESS(4).RES
C:\Users\USER\Desktop\img_process(4)\img_process(4)\Release\img_process(4).vcxprojResolveAssemblyReference.cache
C:\Users\USER\Desktop\img_process(4)\img_process(4)\Release\img_process(4).write.1.tlog
C:\USERS\USER\DESKTOP\IMG_PROCESS(4)\IMG_PROCESS(4)\RELEASE\IMG_PROCESS(4)DLG.OBJ
C:\Users\USER\Desktop\img_process(4)\img_process(4)\Release\link.command.1.tlog
C:\Users\USER\Desktop\img_process(4)\img_process(4)\Release\link.read.1.tlog
C:\Users\USER\Desktop\img_process(4)\img_process(4)\Release\link.write.1.tlog
C:\USERS\USER\DESKTOP\IMG_PROCESS(4)\IMG_PROCESS(4)\RELEASE\PROJECTION.OBJ
C:\USERS\USER\DESKTOP\IMG_PROCESS(4)\IMG_PROCESS(4)\RELEASE\PROJECTIONDIALOG.OBJ
C:\Users\USER\Desktop\img_process(4)\img_process(4)\Release\rc.command.1.tlog
C:\Users\USER\Desktop\img_process(4)\img_process(4)\Release\rc.read.1.tlog
C:\Users\USER\Desktop\img_process(4)\img_process(4)\Release\rc.write.1.tlog
C:\USERS\USER\DESKTOP\IMG_PROCESS(4)\IMG_PROCESS(4)\RELEASE\STDAFX.OBJ
C:\USERS\USER\DESKTOP\IMG_PROCESS(4)\IMG_PROCESS(4)\RELEASE\VC100.PDB
C:\Users\USER\Desktop\img_process(4)\Release\img_process(4).exe.intermediate.manifest
C:\Users\USER\Desktop\img_process(4)\Release\img_process(4).pdb
