빌드 시작: 2019-09-17 오후 3:37:54
     1>2 노드의 "C:\Users\USER\Desktop\img_process(4)\img_process(4)\img_process(4).vcxproj" 프로젝트(build 대상)입니다.
     1>InitializeBuildStatus:
         "Release\img_process(4).unsuccessfulbuild"에 연결(touching)하고 있습니다.
       ClCompile:
         모든 출력이 최신 상태입니다.
         모든 출력이 최신 상태입니다.
         모든 출력이 최신 상태입니다.
       ResourceCompile:
         모든 출력이 최신 상태입니다.
       Link:
         C:\Program Files (x86)\Microsoft Visual Studio 10.0\VC\bin\link.exe /ERRORREPORT:PROMPT /OUT:"C:\Users\USER\Desktop\img_process(4)\Release\img_process(4).exe" /INCREMENTAL:NO /NOLOGO /LIBPATH:C:\opencv\build\x64\vc14\lib opencv_world330d.lib /MANIFEST /ManifestFile:"Release\img_process(4).exe.intermediate.manifest" /MANIFESTUAC:"level='asInvoker' uiAccess='false'" /DEBUG /PDB:"C:\Users\USER\Desktop\img_process(4)\Release\img_process(4).pdb" /SUBSYSTEM:WINDOWS /OPT:REF /OPT:ICF /LTCG /TLBID:1 /ENTRY:"wWinMainCRTStartup" /DYNAMICBASE /NXCOMPAT /IMPLIB:"C:\Users\USER\Desktop\img_process(4)\Release\img_process(4).lib" /MACHINE:X86 "Release\img_process(4).res"
         Release\CvvImage.obj
         Release\DibFilter.obj
         Release\Histogram.obj
         "Release\img_process(4).obj"
         "Release\img_process(4)Dlg.obj"
         Release\Projection.obj
         Release\ProjectionDialog.obj
         Release\stdafx.obj
     1>CvvImage.obj : error LNK2001: _cvReleaseImage 외부 기호를 확인할 수 없습니다.
     1>CvvImage.obj : error LNK2001: _cvCreateImage 외부 기호를 확인할 수 없습니다.
     1>CvvImage.obj : error LNK2001: _cvGetSize 외부 기호를 확인할 수 없습니다.
     1>CvvImage.obj : error LNK2001: _cvConvertImage 외부 기호를 확인할 수 없습니다.
     1>CvvImage.obj : error LNK2001: _cvLoadImage 외부 기호를 확인할 수 없습니다.
     1>CvvImage.obj : error LNK2001: _cvSetImageROI 외부 기호를 확인할 수 없습니다.
     1>CvvImage.obj : error LNK2001: _cvSaveImage 외부 기호를 확인할 수 없습니다.
     1>CvvImage.obj : error LNK2001: _cvShowImage 외부 기호를 확인할 수 없습니다.
     1>CvvImage.obj : error LNK2001: _cvGetImageROI 외부 기호를 확인할 수 없습니다.
     1>CvvImage.obj : error LNK2001: _cvSet 외부 기호를 확인할 수 없습니다.
     1>DibFilter.obj : error LNK2001: "private: void __thiscall cv::String::deallocate(void)" (?deallocate@String@cv@@AAEXXZ) 외부 기호를 확인할 수 없습니다.
     1>DibFilter.obj : error LNK2001: _cvCopy 외부 기호를 확인할 수 없습니다.
     1>Histogram.obj : error LNK2001: _cvLine 외부 기호를 확인할 수 없습니다.
     1>img_process(4)Dlg.obj : error LNK2001: _cvCvtColor 외부 기호를 확인할 수 없습니다.
     1>img_process(4)Dlg.obj : error LNK2001: _cvThreshold 외부 기호를 확인할 수 없습니다.
     1>C:\Users\USER\Desktop\img_process(4)\Release\img_process(4).exe : fatal error LNK1120: 15개의 확인할 수 없는 외부 참조입니다.
     1>"C:\Users\USER\Desktop\img_process(4)\img_process(4)\img_process(4).vcxproj" 프로젝트를 빌드했습니다(build 대상). - 실패

빌드하지 못했습니다.

경과 시간: 00:00:04.44
