빌드 시작: 2015-11-04 오후 2:51:44
     1>2 노드의 "C:\Users\Seop\Desktop\as_MinSeop\img_process(4)\img_process(4)\img_process(4).vcxproj" 프로젝트(build 대상)입니다.
     1>InitializeBuildStatus:
         "AlwaysCreate"이(가) 지정되었기 때문에 "Debug\img_process(4).unsuccessfulbuild"을(를) 만들고 있습니다.
       ClCompile:
         모든 출력이 최신 상태입니다.
         C:\Program Files (x86)\Microsoft Visual Studio 10.0\VC\bin\CL.exe /c /I"C:\Users\Seop\Desktop\as_MinSeop\img_process(4)\img_process(4)\Projection" /I"C:\Users\Seop\Desktop\as_MinSeop\img_process(4)\img_process(4)\Histogram" /I"C:\Users\Seop\Desktop\as_MinSeop\img_process(4)\img_process(4)\CvvImage" /I"C:\Users\Seop\Desktop\as_MinSeop\img_process(4)\img_process(4)\Filter" /ZI /nologo /W3 /WX- /Od /Oy- /D WIN32 /D _WINDOWS /D _DEBUG /D _UNICODE /D UNICODE /D _AFXDLL /Gm /EHsc /RTC1 /MDd /GS /fp:precise /Zc:wchar_t /Zc:forScope /Yu"StdAfx.h" /Fp"Debug\img_process(4).pch" /Fo"Debug\\" /Fd"Debug\vc100.pdb" /Gd /TP /analyze- /errorReport:prompt ProjectionDialog.cpp
         ProjectionDialog.cpp
     1>c:\opencv\build\include\opencv2\flann\dist.h : warning C4819: 현재 코드 페이지(949)에서 표시할 수 없는 문자가 파일에 들어 있습니다. 데이터가 손실되지 않게 하려면 해당 파일을 유니코드 형식으로 저장하십시오.
     1>c:\opencv\build\include\opencv2\flann\dist.h : warning C4819: 현재 코드 페이지(949)에서 표시할 수 없는 문자가 파일에 들어 있습니다. 데이터가 손실되지 않게 하려면 해당 파일을 유니코드 형식으로 저장하십시오.
     1>c:\opencv\build\include\opencv2\flann\logger.h(66): warning C4996: 'fopen': This function or variable may be unsafe. Consider using fopen_s instead. To disable deprecation, use _CRT_SECURE_NO_WARNINGS. See online help for details.
                 c:\program files (x86)\microsoft visual studio 10.0\vc\include\stdio.h(234) : 'fopen' 선언을 참조하십시오.
     1>c:\opencv\build\include\opencv2\flann\dist.h : warning C4819: 현재 코드 페이지(949)에서 표시할 수 없는 문자가 파일에 들어 있습니다. 데이터가 손실되지 않게 하려면 해당 파일을 유니코드 형식으로 저장하십시오.
     1>c:\opencv\build\include\opencv2\flann\dist.h : warning C4819: 현재 코드 페이지(949)에서 표시할 수 없는 문자가 파일에 들어 있습니다. 데이터가 손실되지 않게 하려면 해당 파일을 유니코드 형식으로 저장하십시오.
         모든 출력이 최신 상태입니다.
       ResourceCompile:
         모든 출력이 최신 상태입니다.
       ManifestResourceCompile:
         모든 출력이 최신 상태입니다.
       Link:
         C:\Program Files (x86)\Microsoft Visual Studio 10.0\VC\bin\link.exe /ERRORREPORT:PROMPT /OUT:"C:\Users\Seop\Desktop\as_MinSeop\img_process(4)\Debug\img_process(4).exe" /INCREMENTAL /NOLOGO opencv_calib3d246.lib opencv_contrib246.lib opencv_core246.lib opencv_features2d246.lib opencv_flann246.lib opencv_gpu246.lib opencv_haartraining_engine.lib opencv_highgui246.lib opencv_imgproc246.lib opencv_legacy246.lib opencv_ml246.lib opencv_nonfree246.lib opencv_objdetect246.lib opencv_ocl246.lib opencv_photo246.lib opencv_stitching246.lib opencv_superres246.lib opencv_ts246.lib opencv_video246.lib opencv_videostab246.lib /MANIFEST /ManifestFile:"Debug\img_process(4).exe.intermediate.manifest" /MANIFESTUAC:"level='asInvoker' uiAccess='false'" /DEBUG /PDB:"C:\Users\Seop\Desktop\as_MinSeop\img_process(4)\Debug\img_process(4).pdb" /SUBSYSTEM:WINDOWS /TLBID:1 /ENTRY:"wWinMainCRTStartup" /DYNAMICBASE /NXCOMPAT /IMPLIB:"C:\Users\Seop\Desktop\as_MinSeop\img_process(4)\Debug\img_process(4).lib" /MACHINE:X86 "Debug\img_process(4).res"
         "Debug\img_process(4).exe.embed.manifest.res"
         Debug\CvvImage.obj
         Debug\DibFilter.obj
         Debug\Histogram.obj
         "Debug\img_process(4).obj"
         "Debug\img_process(4)Dlg.obj"
         Debug\Projection.obj
         Debug\ProjectionDialog.obj
         Debug\stdafx.obj
       Manifest:
         C:\Program Files (x86)\Microsoft SDKs\Windows\v7.0A\bin\mt.exe /nologo /verbose /out:"Debug\img_process(4).exe.embed.manifest" /manifest "Debug\img_process(4).exe.intermediate.manifest" "C:\Program Files (x86)\Microsoft Visual Studio 10.0\VC\Include\Manifest\dpiaware.manifest"
         모든 출력이 최신 상태입니다.
       LinkEmbedManifest:
         모든 출력이 최신 상태입니다.
         img_process(4).vcxproj -> C:\Users\Seop\Desktop\as_MinSeop\img_process(4)\Debug\img_process(4).exe
       FinalizeBuildStatus:
         "Debug\img_process(4).unsuccessfulbuild" 파일을 삭제하고 있습니다.
         "Debug\img_process(4).lastbuildstate"에 연결(touching)하고 있습니다.
     1>"C:\Users\Seop\Desktop\as_MinSeop\img_process(4)\img_process(4)\img_process(4).vcxproj" 프로젝트를 빌드했습니다(build 대상).

빌드했습니다.

경과 시간: 00:00:00.87
